2021-11-26 19:36:41-log: [Package] menu@1.0.0 enable
2021-11-26 19:36:41-log: [Package] profile@1.0.0 enable
2021-11-26 19:36:41-log: [Package] messages@1.0.0 enable
2021-11-26 19:36:41-log: [Package] program@1.0.0 enable
2021-11-26 19:36:41-log: [Package] device@1.0.1 enable
2021-11-26 19:36:41-log: [Package] ui-kit@1.0.1 enable
2021-11-26 19:36:41-log: [Package] tester@1.0.0 enable
2021-11-26 19:36:41-log: [Package] preferences@1.0.0 enable
2021-11-26 19:36:42-log: Setup mods mgr.: 228.764ms
2021-11-26 19:36:42-log: [Package] engine@1.0.5 enable
2021-11-26 19:36:44-log: [Package] programming@1.0.0 enable
2021-11-26 19:36:44-log: [Package] asset-db@1.0.0 enable
2021-11-26 19:36:44-log: [Package] console@1.0.0 enable
2021-11-26 19:36:44-log: [Package] scene@1.0.0 enable
2021-11-26 19:36:44-log: [Package] server@1.0.0 enable
2021-11-26 19:36:44-log: [Package] utils@1.0.0 enable
2021-11-26 19:36:44-log: [Package] assets@1.0.0 enable
2021-11-26 19:36:44-log: [Package] inspector@1.0.0 enable
2021-11-26 19:36:44-log: [Package] hierarchy@1.0.0 enable
2021-11-26 19:36:45-log: [Package] preview@1.0.1 enable
2021-11-26 19:36:45-log: [Package] animator@1.0.0 enable
2021-11-26 19:36:46-log: [Package] builder@1.2.9 enable
2021-11-26 19:36:46-log: [Package] node-library@1.0.0 enable
2021-11-26 19:36:46-log: [Package] shortcuts@1.0.1 enable
2021-11-26 19:36:46-log: [Package] package-asset@1.0.0 enable
2021-11-26 19:36:46-log: [Package] reference-image@1.0.0 enable
2021-11-26 19:36:46-log: [Package] channel-upload-tools@1.0.0 enable
2021-11-26 19:36:46-log: [Package] runtime-dev-tools@1.0.0 enable
2021-11-26 19:36:46-log: [Package] alipay-mini-game@1.0.0 enable
2021-11-26 19:36:46-log: [Package] android@1.0.0 enable
2021-11-26 19:36:46-log: [Package] baidu-mini-game@1.0.0 enable
2021-11-26 19:36:46-log: [Package] bytedance-mini-game@1.0.1 enable
2021-11-26 19:36:46-log: [Package] huawei-agc@1.0.0 enable
2021-11-26 19:36:46-log: [Package] ios@1.0.0 enable
2021-11-26 19:36:46-log: [Package] ios-app-clip@1.0.0 enable
2021-11-26 19:36:46-log: [Package] mac@1.0.0 enable
2021-11-26 19:36:46-log: [Package] native@1.0.0 enable
2021-11-26 19:36:46-log: [Package] ohos@1.0.0 enable
2021-11-26 19:36:46-log: [Package] web-desktop@1.0.0 enable
2021-11-26 19:36:47-log: [Package] web-mobile@1.0.0 enable
2021-11-26 19:36:47-log: [Package] wechatgame@1.0.1 enable
2021-11-26 19:36:47-log: [Package] windows@1.0.0 enable
2021-11-26 19:36:47-log: [Package] xiaomi-quick-game@1.0.0 enable
2021-11-26 19:36:47-log: [Package] cocos-play@1.0.0 enable
2021-11-26 19:36:47-log: [Package] huawei-quick-game@1.0.0 enable
2021-11-26 19:36:47-log: [Package] link-sure@1.0.0 enable
2021-11-26 19:36:47-log: [Package] oppo-mini-game@1.0.0 enable
2021-11-26 19:36:47-log: [Package] qtt@1.0.0 enable
2021-11-26 19:36:47-log: [Package] vivo-mini-game@1.0.0 enable
2021-11-26 19:36:47-log: [Package] cocos-service@3.0.1 enable
2021-11-26 19:36:47-log: [Package] importer@1.0.0 enable
2021-11-26 19:36:47-log: [Package] extension@3.0.10 enable
2021-11-26 19:36:48-log: [Im-plugin] Check im-plugin version.
2021-11-26 19:36:48-log: [Package] im-plugin@3.0.7 enable
2021-11-26 19:36:48-log: [Package] lightmap@1.0.3 enable
2021-11-26 19:36:48-log: [Scene] begin init
2021-11-26 19:36:48-log: [Scene] require engine end
2021-11-26 19:36:48-log: [Scene] Serialize end
2021-11-26 19:36:48-log: [Scene] configureStartup end
2021-11-26 19:36:48-info: [Scene] WebGL2 device initialized.
2021-11-26 19:36:48-log: [Scene] Cocos Creator v3.3.2
2021-11-26 19:36:48-log: [Im-plugin] No online info of im-plugin.
2021-11-26 19:36:48-info: [Scene] Forward render pipeline initialized.
2021-11-26 19:36:49-log: [Scene] openEngine end
2021-11-26 19:36:49-log: [Scene] configureEngine end
2021-11-26 19:50:48-error: [Scene] A Class already exists with the same __classname__ : "LoginProxy".
2021-11-26 19:50:53-error: [Scene] A Class already exists with the same __classname__ : "LoginProxy".
2021-11-26 19:50:53-error: [Scene] A Class already exists with the same __classname__ : "LoginProxy".
2021-11-26 19:51:00-error: 无法从 cce:/internal/x/prerequisite-imports 解析出模块 file:///E:/GitClone/CocosCreator-Scaffold/assets/Script/Modules/Login/LoginProxy-001.ts，已将其视为外部模块。
这是因为：Error: 以 cce:/internal/x/prerequisite-imports 为起点找不到模块 "file:///E:/GitClone/CocosCreator-Scaffold/assets/Script/Modules/Login/LoginProxy-001.ts"
2021-11-26 19:51:00-error: 无法从 cce:/internal/x/prerequisite-imports 解析出模块 file:///E:/GitClone/CocosCreator-Scaffold/assets/Script/Modules/Login/LoginProxy-001.ts，已将其视为外部模块。
这是因为：Error: 以 cce:/internal/x/prerequisite-imports 为起点找不到模块 "file:///E:/GitClone/CocosCreator-Scaffold/assets/Script/Modules/Login/LoginProxy-001.ts"
2021-11-26 20:06:51-error: [preview-error]Uncaught TypeError: Cannot read properties of undefined (reading 'preAssets') in http://localhost:7456/scripting/x/mods/fs/0/assets/Script/Core/Mgr/AssetsMgr.js
